<?xml version="1.0" encoding="UTF-8"?>
<!-- Generated by org.testng.reporters.JUnitXMLReporter -->
<testsuite ignored="0" hostname="DESKTOP-P7309AQ" failures="2" tests="2" name="Test" time="21.976" errors="0" timestamp="2022-10-03T18:22:30 IST">
  <testcase classname="io.cucumber.testng.AbstractTestNGCucumberTests" name="runScenario" time="14.151">
    <failure type="java.nio.file.InvalidPathException" message="Trailing char &amp;lt; &amp;gt; at index 12: Screenshots/ \embedded1.png">
      <![CDATA[java.nio.file.InvalidPathException: Trailing char < > at index 12: Screenshots/ \embedded1.png
at java.base/sun.nio.fs.WindowsPathParser.normalize(WindowsPathParser.java:172)
at java.base/sun.nio.fs.WindowsPathParser.parse(WindowsPathParser.java:153)
at java.base/sun.nio.fs.WindowsPathParser.parse(WindowsPathParser.java:77)
at java.base/sun.nio.fs.WindowsPath.parse(WindowsPath.java:92)
at java.base/sun.nio.fs.WindowsFileSystem.getPath(WindowsFileSystem.java:232)
at java.base/java.nio.file.Path.of(Path.java:147)
at java.base/java.nio.file.Paths.get(Paths.java:69)
at com.aventstack.extentreports.cucumber.adapter.ExtentCucumberAdapter.toUrl(ExtentCucumberAdapter.java:285)
at com.aventstack.extentreports.cucumber.adapter.ExtentCucumberAdapter.handleEmbed(ExtentCucumberAdapter.java:247)
at com.aventstack.extentreports.cucumber.adapter.ExtentCucumberAdapter.access$400(ExtentCucumberAdapter.java:62)
at com.aventstack.extentreports.cucumber.adapter.ExtentCucumberAdapter$6.receive(ExtentCucumberAdapter.java:124)
at com.aventstack.extentreports.cucumber.adapter.ExtentCucumberAdapter$6.receive(ExtentCucumberAdapter.java:121)
at io.cucumber.core.eventbus.AbstractEventPublisher.send(AbstractEventPublisher.java:51)
at io.cucumber.core.eventbus.AbstractEventBus.send(AbstractEventBus.java:12)
at io.cucumber.core.runtime.SynchronizedEventBus.send(SynchronizedEventBus.java:47)
at io.cucumber.core.runtime.ThreadLocalRunnerSupplier$LocalEventBus.send(ThreadLocalRunnerSupplier.java:62)
at io.cucumber.core.runner.TestCaseState.attach(TestCaseState.java:74)
at io.cucumber.java.Scenario.attach(Scenario.java:78)
at StepDefination.StepDef.addScreenshot(StepDef.java:291)
]]>
    </failure>
  </testcase> <!-- runScenario -->
  <testcase classname="io.cucumber.testng.AbstractTestNGCucumberTests" name="runScenario" time="5.34">
    <failure type="java.nio.file.InvalidPathException" message="Trailing char &amp;lt; &amp;gt; at index 12: Screenshots/ \embedded2.png">
      <![CDATA[java.nio.file.InvalidPathException: Trailing char < > at index 12: Screenshots/ \embedded2.png
at java.base/sun.nio.fs.WindowsPathParser.normalize(WindowsPathParser.java:172)
at java.base/sun.nio.fs.WindowsPathParser.parse(WindowsPathParser.java:153)
at java.base/sun.nio.fs.WindowsPathParser.parse(WindowsPathParser.java:77)
at java.base/sun.nio.fs.WindowsPath.parse(WindowsPath.java:92)
at java.base/sun.nio.fs.WindowsFileSystem.getPath(WindowsFileSystem.java:232)
at java.base/java.nio.file.Path.of(Path.java:147)
at java.base/java.nio.file.Paths.get(Paths.java:69)
at com.aventstack.extentreports.cucumber.adapter.ExtentCucumberAdapter.toUrl(ExtentCucumberAdapter.java:285)
at com.aventstack.extentreports.cucumber.adapter.ExtentCucumberAdapter.handleEmbed(ExtentCucumberAdapter.java:247)
at com.aventstack.extentreports.cucumber.adapter.ExtentCucumberAdapter.access$400(ExtentCucumberAdapter.java:62)
at com.aventstack.extentreports.cucumber.adapter.ExtentCucumberAdapter$6.receive(ExtentCucumberAdapter.java:124)
at com.aventstack.extentreports.cucumber.adapter.ExtentCucumberAdapter$6.receive(ExtentCucumberAdapter.java:121)
at io.cucumber.core.eventbus.AbstractEventPublisher.send(AbstractEventPublisher.java:51)
at io.cucumber.core.eventbus.AbstractEventBus.send(AbstractEventBus.java:12)
at io.cucumber.core.runtime.SynchronizedEventBus.send(SynchronizedEventBus.java:47)
at io.cucumber.core.runtime.ThreadLocalRunnerSupplier$LocalEventBus.send(ThreadLocalRunnerSupplier.java:62)
at io.cucumber.core.runner.TestCaseState.attach(TestCaseState.java:74)
at io.cucumber.java.Scenario.attach(Scenario.java:78)
at StepDefination.StepDef.addScreenshot(StepDef.java:291)
]]>
    </failure>
  </testcase> <!-- runScenario -->
</testsuite> <!-- Test -->
